Build started 10/3/2014 6:12:04 PM.
     1>Project "C:\Users\Agent47\Documents\GitHub\CinderEngine\TeamYarbus\Engine\CinderEngine\premake\CinderEngine.vcxproj" on node 2 (Build target(s)).
     1>ClCompile:
         C:\Program Files (x86)\Microsoft Visual Studio 12.0\VC\bin\CL.exe /c /I..\dependency\opengl\include /I..\dependency\opengl\include\freetype /I..\dependency\opengl\include\glew /I..\dependency\opengl\include\glfw /I..\dependency\opengl\include\glm /I..\dependency\opengl\include\soil /I..\dependency\opengl\include\freetype\config /I..\dependency\opengl\include\freetype\internal /I..\dependency\opengl\include\freetype\internal\services /I..\dependency\opengl\include\glm\detail /I..\dependency\opengl\include\glm\gtc /I..\dependency\opengl\include\glm\gtx /I..\dependency\zilch\include /I..\dependency\fmod\include /I..\dependency\AntTweakBar\include /I..\include\Engine /I..\include\Engine\Core /I..\include\Engine\Editor /I..\include\Engine\Global /I..\include\Engine\Math /I..\include\Engine\Serializer /I..\include\Engine\System /I..\include\Engine\System\Audio /I..\include\Engine\System\Events /I..\include\Engine\System\ObjectSystem /I..\include\Engine\System\Physics /I..\include\Engine\System\SceneManager /I..\include\Engine\System\WindowSystems /I..\include\Engine\System\Zilch /I..\include\Engine\System\Events\Events /I..\include\Engine\System\Events\EventSystem /I..\include\Engine\System\Events\Event_Base /I..\include\Engine\System\SceneManager\Scenes /I..\include\Engine\System\WindowSystems\Graphics /I..\include\Engine\System\WindowSystems\Graphics\Components /I..\include\Engine\System\WindowSystems\Graphics\GraphicsSystems /I..\include\Engine\System\WindowSystems\Graphics\Objects /I..\include\Engine\System\WindowSystems\Graphics\ParticleSystem /I..\include\Engine\System\WindowSystems\Graphics\Primitives /I..\include\Engine\System\WindowSystems\Graphics\ShaderClasses /I..\include\Engine\System\WindowSystems\Graphics\ParticleSystem\Effects /ZI /nologo /W3 /WX- /Od /Oy- /D _USE_ANTWEAK /D _DEBUG /D _CRT_SECURE_NO_WARNINGS /D _MBCS /Gm /EHsc /RTC1 /MDd /GS /fp:precise /Zc:wchar_t /Zc:forScope /Fo"..\obj\Debug\\" /Fd"..\bin\debug\CinderEngine.pdb" /Gd /TP /analyze- /errorReport:prompt ..\source\Engine\System\SceneManager\Scenes\Scene_ComputeTest.cpp
         Scene_ComputeTest.cpp
       Link:
         C:\Program Files (x86)\Microsoft Visual Studio 12.0\VC\bin\link.exe /ERRORREPORT:PROMPT /OUT:"..\bin\debug\CinderEngine.exe" /INCREMENTAL /NOLOGO /LIBPATH:..\dependency\opengl\library /LIBPATH:..\dependency\zilch\library /LIBPATH:..\dependency\fmod\library /LIBPATH:..\dependency\AntTweakBar\library glfw3.lib glfw3dll.lib glew32.lib SOIL.lib SOIL2.lib opengl32.lib fmod_vc.lib Zilch.lib AntTweakBar.lib kernel32.lib user32.lib gdi32.lib winspool.lib comdlg32.lib advapi32.lib shell32.lib ole32.lib oleaut32.lib uuid.lib odbc32.lib odbccp32.lib /MANIFEST /MANIFESTUAC:"level='asInvoker' uiAccess='false'" /manifest:embed /DEBUG /PDB:"..\bin\debug\CinderEngine.pdb" /SUBSYSTEM:WINDOWS /TLBID:1 /ENTRY:"mainCRTStartup" /DYNAMICBASE /NXCOMPAT /IMPLIB:"..\bin\debug\CinderEngine.lib" /MACHINE:X86 ..\obj\Debug\Core.obj
         ..\obj\Debug\Console.obj
         ..\obj\Debug\DebugCode.obj
         ..\obj\Debug\Affine.obj
         ..\obj\Debug\Vec2.obj
         ..\obj\Debug\DataNode.obj
         ..\obj\Debug\GetData.obj
         ..\obj\Debug\Serializer.obj
         ..\obj\Debug\TreeNavigation.obj
         ..\obj\Debug\AudioSystem.obj
         ..\obj\Debug\LoadSound.obj
         ..\obj\Debug\Sound.obj
         ..\obj\Debug\EventSystem.obj
         ..\obj\Debug\GameObject.obj
         ..\obj\Debug\ObjectSystem.obj
         ..\obj\Debug\CircleCollision.obj
         ..\obj\Debug\CollisionRepeats.obj
         ..\obj\Debug\PhysicsLibrary.obj
         ..\obj\Debug\PointCollision.obj
         ..\obj\Debug\Resolution.obj
         ..\obj\Debug\RigidBody.obj
         ..\obj\Debug\Thermodynamics.obj
         ..\obj\Debug\Scene.obj
         ..\obj\Debug\SceneManager.obj
         ..\obj\Debug\ParticleEditor.obj
         ..\obj\Debug\Scene_ComputeTest.obj
         ..\obj\Debug\Scene_SplashScreens.obj
         ..\obj\Debug\Camera.obj
         ..\obj\Debug\Renderer.obj
         ..\obj\Debug\Sprite.obj
         ..\obj\Debug\Transform.obj
         ..\obj\Debug\ResourceManager.obj
         ..\obj\Debug\SpriteBatcher.obj
         ..\obj\Debug\ComputeShader.obj
         ..\obj\Debug\ElementBufferObject.obj
         ..\obj\Debug\LightingShader.obj
         ..\obj\Debug\Material.obj
         ..\obj\Debug\Shader.obj
         ..\obj\Debug\ShaderStorageBufferObject.obj
         ..\obj\Debug\SpriteSheet.obj
         ..\obj\Debug\Texture.obj
         ..\obj\Debug\VertexArrayObject.obj
         ..\obj\Debug\VertexBufferObject.obj
         ..\obj\Debug\CLParticleRenderer.obj
         ..\obj\Debug\Effect.obj
         ..\obj\Debug\AttractorEffect.obj
         ..\obj\Debug\ExplosionEffect.obj
         ..\obj\Debug\FountainEffect.obj
         ..\obj\Debug\TunnelEffect.obj
         ..\obj\Debug\GLParticleRenderer.obj
         ..\obj\Debug\ParticleGenerators.obj
         ..\obj\Debug\ParticleRenderer.obj
         ..\obj\Debug\ParticleUpdaters.obj
         ..\obj\Debug\Particles.obj
         ..\obj\Debug\Rect.obj
         ..\obj\Debug\ShapeGenerator.obj
         ..\obj\Debug\TimeQuery.obj
         ..\obj\Debug\WindowSystem.obj
         ..\obj\Debug\gl_core_3_3.obj
         ..\obj\Debug\Zilch.obj
         ..\obj\Debug\ZilchCompiledLib.obj
         ..\obj\Debug\ZilchComponent.obj
         ..\obj\Debug\WinMain.obj
         CinderEngine.vcxproj -> C:\Users\Agent47\Documents\GitHub\CinderEngine\TeamYarbus\Engine\CinderEngine\premake\..\bin\debug\CinderEngine.exe
       PostBuildEvent:
         copy ..\dependency\opengl\library\glfw3.dll ..\bin\debug\
         copy ..\dependency\opengl\library\glew32.dll ..\bin\debug\
         copy ..\dependency\fmod\library\fmod.dll ..\bin\debug\
         copy ..\dependency\AntTweakBar\library\AntTweakBar.dll ..\bin\debug\
         :VCEnd
                 1 file(s) copied.
                 1 file(s) copied.
                 1 file(s) copied.
                 1 file(s) copied.
     1>Done Building Project "C:\Users\Agent47\Documents\GitHub\CinderEngine\TeamYarbus\Engine\CinderEngine\premake\CinderEngine.vcxproj" (Build target(s)).

Build succeeded.

Time Elapsed 00:00:01.91
