Build started 8/26/2014 2:06:56 PM.
     1>Project "C:\Users\Micah Rust\Documents\Visual Studio 2013\Projects\Ash\CinderEngine\CinderEngine\CinderEngine.vcxproj" on node 2 (Build target(s)).
     1>ClCompile:
         C:\Program Files (x86)\Microsoft Visual Studio 12.0\VC\bin\CL.exe /c /ZI /nologo /W3 /WX- /sdl /Od /Oy- /D _MBCS /Gm /EHsc /RTC1 /MDd /GS /fp:precise /Zc:wchar_t /Zc:forScope /Fo"Debug\\" /Fd"Debug\vc120.pdb" /Gd /TP /analyze- /errorReport:prompt BaseEventStaticMembers.cpp
         BaseEventStaticMembers.cpp
       Link:
         C:\Program Files (x86)\Microsoft Visual Studio 12.0\VC\bin\link.exe /ERRORREPORT:PROMPT /OUT:"C:\Users\Micah Rust\Documents\Visual Studio 2013\Projects\Ash\CinderEngine\Debug\CinderEngine.exe" /INCREMENTAL /NOLOGO kernel32.lib user32.lib gdi32.lib winspool.lib comdlg32.lib advapi32.lib shell32.lib ole32.lib oleaut32.lib uuid.lib odbc32.lib odbccp32.lib /MANIFEST /MANIFESTUAC:"level='asInvoker' uiAccess='false'" /manifest:embed /DEBUG /PDB:"C:\Users\Micah Rust\Documents\Visual Studio 2013\Projects\Ash\CinderEngine\Debug\CinderEngine.pdb" /TLBID:1 /DYNAMICBASE /NXCOMPAT /IMPLIB:"C:\Users\Micah Rust\Documents\Visual Studio 2013\Projects\Ash\CinderEngine\Debug\CinderEngine.lib" /MACHINE:X86 Debug\BaseEventStaticMembers.obj
         Debug\Console.obj
         Debug\Core.obj
         Debug\DebugCode.obj
         Debug\EventSystem.obj
         Debug\Factory.obj
         Debug\GOC.obj
         Debug\Vec2.obj
         Debug\WinMain.obj
         Debug\BaseSystem.obj
         Debug\WindowSystem.obj
         CinderEngine.vcxproj -> C:\Users\Micah Rust\Documents\Visual Studio 2013\Projects\Ash\CinderEngine\Debug\CinderEngine.exe
     1>Done Building Project "C:\Users\Micah Rust\Documents\Visual Studio 2013\Projects\Ash\CinderEngine\CinderEngine\CinderEngine.vcxproj" (Build target(s)).

Build succeeded.

Time Elapsed 00:00:03.84
