c:\users\micah rust\documents\visual studio 2013\projects\ash\cinderengine\cinderengine\debug\vc120.pdb
c:\users\micah rust\documents\visual studio 2013\projects\ash\cinderengine\cinderengine\debug\vc120.idb
c:\users\micah rust\documents\visual studio 2013\projects\ash\cinderengine\cinderengine\debug\console.obj
c:\users\micah rust\documents\visual studio 2013\projects\ash\cinderengine\cinderengine\debug\core.obj
c:\users\micah rust\documents\visual studio 2013\projects\ash\cinderengine\cinderengine\debug\debugcode.obj
c:\users\micah rust\documents\visual studio 2013\projects\ash\cinderengine\cinderengine\debug\eventsystem.obj
c:\users\micah rust\documents\visual studio 2013\projects\ash\cinderengine\cinderengine\debug\factory.obj
c:\users\micah rust\documents\visual studio 2013\projects\ash\cinderengine\cinderengine\debug\goc.obj
c:\users\micah rust\documents\visual studio 2013\projects\ash\cinderengine\cinderengine\debug\winmain.obj
c:\users\micah rust\documents\visual studio 2013\projects\ash\cinderengine\cinderengine\debug\system.obj
c:\users\micah rust\documents\visual studio 2013\projects\ash\cinderengine\cinderengine\debug\windowsystem.obj
c:\users\micah rust\documents\visual studio 2013\projects\ash\cinderengine\cinderengine\debug\inputevent.obj
c:\users\micah rust\documents\visual studio 2013\projects\ash\cinderengine\cinderengine\debug\vec2.obj
c:\users\micah rust\documents\visual studio 2013\projects\ash\cinderengine\cinderengine\debug\basesystem.obj
c:\users\micah rust\documents\visual studio 2013\projects\ash\cinderengine\debug\cinderengine.pdb
c:\users\micah rust\documents\visual studio 2013\projects\ash\cinderengine\cinderengine\debug\cinderengine.tlog\cl.command.1.tlog
c:\users\micah rust\documents\visual studio 2013\projects\ash\cinderengine\cinderengine\debug\cinderengine.tlog\cl.read.1.tlog
c:\users\micah rust\documents\visual studio 2013\projects\ash\cinderengine\cinderengine\debug\cinderengine.tlog\cl.write.1.tlog
c:\users\micah rust\documents\visual studio 2013\projects\ash\cinderengine\cinderengine\debug\cinderengine.tlog\link.command.1.tlog
c:\users\micah rust\documents\visual studio 2013\projects\ash\cinderengine\cinderengine\debug\cinderengine.tlog\link.read.1.tlog
c:\users\micah rust\documents\visual studio 2013\projects\ash\cinderengine\cinderengine\debug\cinderengine.tlog\link.write.1.tlog
